Copyright 1986-2017 Xilinx, Inc. All Rights Reserved.
-----------------------------------------------------------------------------------------------------------------------------------------------------------------
| Tool Version : Vivado v.2017.4 (win64) Build 2086221 Fri Dec 15 20:55:39 MST 2017
| Date         : Wed Jul 14 10:14:53 2021
| Host         : Andrea-Desktop running 64-bit major release  (build 9200)
| Command      : report_methodology -file TOP_1_RCA_methodology_drc_routed.rpt -pb TOP_1_RCA_methodology_drc_routed.pb -rpx TOP_1_RCA_methodology_drc_routed.rpx
| Design       : TOP_1_RCA
| Device       : xc7z020clg484-1
| Speed File   : -1
| Design State : Routed
-----------------------------------------------------------------------------------------------------------------------------------------------------------------

Report Methodology

Table of Contents
-----------------
1. REPORT SUMMARY
2. REPORT DETAILS

1. REPORT SUMMARY
-----------------
            Netlist: netlist
          Floorplan: design_1
      Design limits: <entire design considered>
             Max violations: <unlimited>
             Violations found: 178
+-----------+----------+-------------------------------+------------+
| Rule      | Severity | Description                   | Violations |
+-----------+----------+-------------------------------+------------+
| TIMING-18 | Warning  | Missing input or output delay | 178        |
+-----------+----------+-------------------------------+------------+

2. REPORT DETAILS
-----------------
TIMING-18#1 Warning
Missing input or output delay  
An input delay is missing on A[0] relative to clock(s) clock
Related violations: <none>

TIMING-18#2 Warning
Missing input or output delay  
An input delay is missing on A[10] relative to clock(s) clock
Related violations: <none>

TIMING-18#3 Warning
Missing input or output delay  
An input delay is missing on A[11] relative to clock(s) clock
Related violations: <none>

TIMING-18#4 Warning
Missing input or output delay  
An input delay is missing on A[12] relative to clock(s) clock
Related violations: <none>

TIMING-18#5 Warning
Missing input or output delay  
An input delay is missing on A[13] relative to clock(s) clock
Related violations: <none>

TIMING-18#6 Warning
Missing input or output delay  
An input delay is missing on A[14] relative to clock(s) clock
Related violations: <none>

TIMING-18#7 Warning
Missing input or output delay  
An input delay is missing on A[15] relative to clock(s) clock
Related violations: <none>

TIMING-18#8 Warning
Missing input or output delay  
An input delay is missing on A[16] relative to clock(s) clock
Related violations: <none>

TIMING-18#9 Warning
Missing input or output delay  
An input delay is missing on A[17] relative to clock(s) clock
Related violations: <none>

TIMING-18#10 Warning
Missing input or output delay  
An input delay is missing on A[18] relative to clock(s) clock
Related violations: <none>

TIMING-18#11 Warning
Missing input or output delay  
An input delay is missing on A[19] relative to clock(s) clock
Related violations: <none>

TIMING-18#12 Warning
Missing input or output delay  
An input delay is missing on A[1] relative to clock(s) clock
Related violations: <none>

TIMING-18#13 Warning
Missing input or output delay  
An input delay is missing on A[20] relative to clock(s) clock
Related violations: <none>

TIMING-18#14 Warning
Missing input or output delay  
An input delay is missing on A[21] relative to clock(s) clock
Related violations: <none>

TIMING-18#15 Warning
Missing input or output delay  
An input delay is missing on A[22] relative to clock(s) clock
Related violations: <none>

TIMING-18#16 Warning
Missing input or output delay  
An input delay is missing on A[23] relative to clock(s) clock
Related violations: <none>

TIMING-18#17 Warning
Missing input or output delay  
An input delay is missing on A[24] relative to clock(s) clock
Related violations: <none>

TIMING-18#18 Warning
Missing input or output delay  
An input delay is missing on A[25] relative to clock(s) clock
Related violations: <none>

TIMING-18#19 Warning
Missing input or output delay  
An input delay is missing on A[26] relative to clock(s) clock
Related violations: <none>

TIMING-18#20 Warning
Missing input or output delay  
An input delay is missing on A[27] relative to clock(s) clock
Related violations: <none>

TIMING-18#21 Warning
Missing input or output delay  
An input delay is missing on A[28] relative to clock(s) clock
Related violations: <none>

TIMING-18#22 Warning
Missing input or output delay  
An input delay is missing on A[29] relative to clock(s) clock
Related violations: <none>

TIMING-18#23 Warning
Missing input or output delay  
An input delay is missing on A[2] relative to clock(s) clock
Related violations: <none>

TIMING-18#24 Warning
Missing input or output delay  
An input delay is missing on A[30] relative to clock(s) clock
Related violations: <none>

TIMING-18#25 Warning
Missing input or output delay  
An input delay is missing on A[31] relative to clock(s) clock
Related violations: <none>

TIMING-18#26 Warning
Missing input or output delay  
An input delay is missing on A[3] relative to clock(s) clock
Related violations: <none>

TIMING-18#27 Warning
Missing input or output delay  
An input delay is missing on A[4] relative to clock(s) clock
Related violations: <none>

TIMING-18#28 Warning
Missing input or output delay  
An input delay is missing on A[5] relative to clock(s) clock
Related violations: <none>

TIMING-18#29 Warning
Missing input or output delay  
An input delay is missing on A[6] relative to clock(s) clock
Related violations: <none>

TIMING-18#30 Warning
Missing input or output delay  
An input delay is missing on A[7] relative to clock(s) clock
Related violations: <none>

TIMING-18#31 Warning
Missing input or output delay  
An input delay is missing on A[8] relative to clock(s) clock
Related violations: <none>

TIMING-18#32 Warning
Missing input or output delay  
An input delay is missing on A[9] relative to clock(s) clock
Related violations: <none>

TIMING-18#33 Warning
Missing input or output delay  
An input delay is missing on B[0] relative to clock(s) clock
Related violations: <none>

TIMING-18#34 Warning
Missing input or output delay  
An input delay is missing on B[10] relative to clock(s) clock
Related violations: <none>

TIMING-18#35 Warning
Missing input or output delay  
An input delay is missing on B[11] relative to clock(s) clock
Related violations: <none>

TIMING-18#36 Warning
Missing input or output delay  
An input delay is missing on B[12] relative to clock(s) clock
Related violations: <none>

TIMING-18#37 Warning
Missing input or output delay  
An input delay is missing on B[13] relative to clock(s) clock
Related violations: <none>

TIMING-18#38 Warning
Missing input or output delay  
An input delay is missing on B[14] relative to clock(s) clock
Related violations: <none>

TIMING-18#39 Warning
Missing input or output delay  
An input delay is missing on B[15] relative to clock(s) clock
Related violations: <none>

TIMING-18#40 Warning
Missing input or output delay  
An input delay is missing on B[16] relative to clock(s) clock
Related violations: <none>

TIMING-18#41 Warning
Missing input or output delay  
An input delay is missing on B[17] relative to clock(s) clock
Related violations: <none>

TIMING-18#42 Warning
Missing input or output delay  
An input delay is missing on B[18] relative to clock(s) clock
Related violations: <none>

TIMING-18#43 Warning
Missing input or output delay  
An input delay is missing on B[19] relative to clock(s) clock
Related violations: <none>

TIMING-18#44 Warning
Missing input or output delay  
An input delay is missing on B[1] relative to clock(s) clock
Related violations: <none>

TIMING-18#45 Warning
Missing input or output delay  
An input delay is missing on B[20] relative to clock(s) clock
Related violations: <none>

TIMING-18#46 Warning
Missing input or output delay  
An input delay is missing on B[21] relative to clock(s) clock
Related violations: <none>

TIMING-18#47 Warning
Missing input or output delay  
An input delay is missing on B[22] relative to clock(s) clock
Related violations: <none>

TIMING-18#48 Warning
Missing input or output delay  
An input delay is missing on B[23] relative to clock(s) clock
Related violations: <none>

TIMING-18#49 Warning
Missing input or output delay  
An input delay is missing on B[24] relative to clock(s) clock
Related violations: <none>

TIMING-18#50 Warning
Missing input or output delay  
An input delay is missing on B[25] relative to clock(s) clock
Related violations: <none>

TIMING-18#51 Warning
Missing input or output delay  
An input delay is missing on B[26] relative to clock(s) clock
Related violations: <none>

TIMING-18#52 Warning
Missing input or output delay  
An input delay is missing on B[27] relative to clock(s) clock
Related violations: <none>

TIMING-18#53 Warning
Missing input or output delay  
An input delay is missing on B[28] relative to clock(s) clock
Related violations: <none>

TIMING-18#54 Warning
Missing input or output delay  
An input delay is missing on B[29] relative to clock(s) clock
Related violations: <none>

TIMING-18#55 Warning
Missing input or output delay  
An input delay is missing on B[2] relative to clock(s) clock
Related violations: <none>

TIMING-18#56 Warning
Missing input or output delay  
An input delay is missing on B[30] relative to clock(s) clock
Related violations: <none>

TIMING-18#57 Warning
Missing input or output delay  
An input delay is missing on B[31] relative to clock(s) clock
Related violations: <none>

TIMING-18#58 Warning
Missing input or output delay  
An input delay is missing on B[3] relative to clock(s) clock
Related violations: <none>

TIMING-18#59 Warning
Missing input or output delay  
An input delay is missing on B[4] relative to clock(s) clock
Related violations: <none>

TIMING-18#60 Warning
Missing input or output delay  
An input delay is missing on B[5] relative to clock(s) clock
Related violations: <none>

TIMING-18#61 Warning
Missing input or output delay  
An input delay is missing on B[6] relative to clock(s) clock
Related violations: <none>

TIMING-18#62 Warning
Missing input or output delay  
An input delay is missing on B[7] relative to clock(s) clock
Related violations: <none>

TIMING-18#63 Warning
Missing input or output delay  
An input delay is missing on B[8] relative to clock(s) clock
Related violations: <none>

TIMING-18#64 Warning
Missing input or output delay  
An input delay is missing on B[9] relative to clock(s) clock
Related violations: <none>

TIMING-18#65 Warning
Missing input or output delay  
An input delay is missing on C[0] relative to clock(s) clock
Related violations: <none>

TIMING-18#66 Warning
Missing input or output delay  
An input delay is missing on C[10] relative to clock(s) clock
Related violations: <none>

TIMING-18#67 Warning
Missing input or output delay  
An input delay is missing on C[11] relative to clock(s) clock
Related violations: <none>

TIMING-18#68 Warning
Missing input or output delay  
An input delay is missing on C[12] relative to clock(s) clock
Related violations: <none>

TIMING-18#69 Warning
Missing input or output delay  
An input delay is missing on C[13] relative to clock(s) clock
Related violations: <none>

TIMING-18#70 Warning
Missing input or output delay  
An input delay is missing on C[14] relative to clock(s) clock
Related violations: <none>

TIMING-18#71 Warning
Missing input or output delay  
An input delay is missing on C[15] relative to clock(s) clock
Related violations: <none>

TIMING-18#72 Warning
Missing input or output delay  
An input delay is missing on C[16] relative to clock(s) clock
Related violations: <none>

TIMING-18#73 Warning
Missing input or output delay  
An input delay is missing on C[17] relative to clock(s) clock
Related violations: <none>

TIMING-18#74 Warning
Missing input or output delay  
An input delay is missing on C[18] relative to clock(s) clock
Related violations: <none>

TIMING-18#75 Warning
Missing input or output delay  
An input delay is missing on C[19] relative to clock(s) clock
Related violations: <none>

TIMING-18#76 Warning
Missing input or output delay  
An input delay is missing on C[1] relative to clock(s) clock
Related violations: <none>

TIMING-18#77 Warning
Missing input or output delay  
An input delay is missing on C[20] relative to clock(s) clock
Related violations: <none>

TIMING-18#78 Warning
Missing input or output delay  
An input delay is missing on C[21] relative to clock(s) clock
Related violations: <none>

TIMING-18#79 Warning
Missing input or output delay  
An input delay is missing on C[22] relative to clock(s) clock
Related violations: <none>

TIMING-18#80 Warning
Missing input or output delay  
An input delay is missing on C[23] relative to clock(s) clock
Related violations: <none>

TIMING-18#81 Warning
Missing input or output delay  
An input delay is missing on C[24] relative to clock(s) clock
Related violations: <none>

TIMING-18#82 Warning
Missing input or output delay  
An input delay is missing on C[25] relative to clock(s) clock
Related violations: <none>

TIMING-18#83 Warning
Missing input or output delay  
An input delay is missing on C[26] relative to clock(s) clock
Related violations: <none>

TIMING-18#84 Warning
Missing input or output delay  
An input delay is missing on C[27] relative to clock(s) clock
Related violations: <none>

TIMING-18#85 Warning
Missing input or output delay  
An input delay is missing on C[28] relative to clock(s) clock
Related violations: <none>

TIMING-18#86 Warning
Missing input or output delay  
An input delay is missing on C[29] relative to clock(s) clock
Related violations: <none>

TIMING-18#87 Warning
Missing input or output delay  
An input delay is missing on C[2] relative to clock(s) clock
Related violations: <none>

TIMING-18#88 Warning
Missing input or output delay  
An input delay is missing on C[30] relative to clock(s) clock
Related violations: <none>

TIMING-18#89 Warning
Missing input or output delay  
An input delay is missing on C[31] relative to clock(s) clock
Related violations: <none>

TIMING-18#90 Warning
Missing input or output delay  
An input delay is missing on C[3] relative to clock(s) clock
Related violations: <none>

TIMING-18#91 Warning
Missing input or output delay  
An input delay is missing on C[4] relative to clock(s) clock
Related violations: <none>

TIMING-18#92 Warning
Missing input or output delay  
An input delay is missing on C[5] relative to clock(s) clock
Related violations: <none>

TIMING-18#93 Warning
Missing input or output delay  
An input delay is missing on C[6] relative to clock(s) clock
Related violations: <none>

TIMING-18#94 Warning
Missing input or output delay  
An input delay is missing on C[7] relative to clock(s) clock
Related violations: <none>

TIMING-18#95 Warning
Missing input or output delay  
An input delay is missing on C[8] relative to clock(s) clock
Related violations: <none>

TIMING-18#96 Warning
Missing input or output delay  
An input delay is missing on C[9] relative to clock(s) clock
Related violations: <none>

TIMING-18#97 Warning
Missing input or output delay  
An input delay is missing on D[0] relative to clock(s) clock
Related violations: <none>

TIMING-18#98 Warning
Missing input or output delay  
An input delay is missing on D[10] relative to clock(s) clock
Related violations: <none>

TIMING-18#99 Warning
Missing input or output delay  
An input delay is missing on D[11] relative to clock(s) clock
Related violations: <none>

TIMING-18#100 Warning
Missing input or output delay  
An input delay is missing on D[12] relative to clock(s) clock
Related violations: <none>

TIMING-18#101 Warning
Missing input or output delay  
An input delay is missing on D[13] relative to clock(s) clock
Related violations: <none>

TIMING-18#102 Warning
Missing input or output delay  
An input delay is missing on D[14] relative to clock(s) clock
Related violations: <none>

TIMING-18#103 Warning
Missing input or output delay  
An input delay is missing on D[15] relative to clock(s) clock
Related violations: <none>

TIMING-18#104 Warning
Missing input or output delay  
An input delay is missing on D[16] relative to clock(s) clock
Related violations: <none>

TIMING-18#105 Warning
Missing input or output delay  
An input delay is missing on D[17] relative to clock(s) clock
Related violations: <none>

TIMING-18#106 Warning
Missing input or output delay  
An input delay is missing on D[18] relative to clock(s) clock
Related violations: <none>

TIMING-18#107 Warning
Missing input or output delay  
An input delay is missing on D[19] relative to clock(s) clock
Related violations: <none>

TIMING-18#108 Warning
Missing input or output delay  
An input delay is missing on D[1] relative to clock(s) clock
Related violations: <none>

TIMING-18#109 Warning
Missing input or output delay  
An input delay is missing on D[20] relative to clock(s) clock
Related violations: <none>

TIMING-18#110 Warning
Missing input or output delay  
An input delay is missing on D[21] relative to clock(s) clock
Related violations: <none>

TIMING-18#111 Warning
Missing input or output delay  
An input delay is missing on D[22] relative to clock(s) clock
Related violations: <none>

TIMING-18#112 Warning
Missing input or output delay  
An input delay is missing on D[23] relative to clock(s) clock
Related violations: <none>

TIMING-18#113 Warning
Missing input or output delay  
An input delay is missing on D[24] relative to clock(s) clock
Related violations: <none>

TIMING-18#114 Warning
Missing input or output delay  
An input delay is missing on D[25] relative to clock(s) clock
Related violations: <none>

TIMING-18#115 Warning
Missing input or output delay  
An input delay is missing on D[26] relative to clock(s) clock
Related violations: <none>

TIMING-18#116 Warning
Missing input or output delay  
An input delay is missing on D[27] relative to clock(s) clock
Related violations: <none>

TIMING-18#117 Warning
Missing input or output delay  
An input delay is missing on D[28] relative to clock(s) clock
Related violations: <none>

TIMING-18#118 Warning
Missing input or output delay  
An input delay is missing on D[29] relative to clock(s) clock
Related violations: <none>

TIMING-18#119 Warning
Missing input or output delay  
An input delay is missing on D[2] relative to clock(s) clock
Related violations: <none>

TIMING-18#120 Warning
Missing input or output delay  
An input delay is missing on D[30] relative to clock(s) clock
Related violations: <none>

TIMING-18#121 Warning
Missing input or output delay  
An input delay is missing on D[31] relative to clock(s) clock
Related violations: <none>

TIMING-18#122 Warning
Missing input or output delay  
An input delay is missing on D[3] relative to clock(s) clock
Related violations: <none>

TIMING-18#123 Warning
Missing input or output delay  
An input delay is missing on D[4] relative to clock(s) clock
Related violations: <none>

TIMING-18#124 Warning
Missing input or output delay  
An input delay is missing on D[5] relative to clock(s) clock
Related violations: <none>

TIMING-18#125 Warning
Missing input or output delay  
An input delay is missing on D[6] relative to clock(s) clock
Related violations: <none>

TIMING-18#126 Warning
Missing input or output delay  
An input delay is missing on D[7] relative to clock(s) clock
Related violations: <none>

TIMING-18#127 Warning
Missing input or output delay  
An input delay is missing on D[8] relative to clock(s) clock
Related violations: <none>

TIMING-18#128 Warning
Missing input or output delay  
An input delay is missing on D[9] relative to clock(s) clock
Related violations: <none>

TIMING-18#129 Warning
Missing input or output delay  
An input delay is missing on rst relative to clock(s) clock
Related violations: <none>

TIMING-18#130 Warning
Missing input or output delay  
An input delay is missing on sel1[0] relative to clock(s) clock
Related violations: <none>

TIMING-18#131 Warning
Missing input or output delay  
An input delay is missing on sel1[1] relative to clock(s) clock
Related violations: <none>

TIMING-18#132 Warning
Missing input or output delay  
An input delay is missing on sel1[2] relative to clock(s) clock
Related violations: <none>

TIMING-18#133 Warning
Missing input or output delay  
An input delay is missing on sel1[3] relative to clock(s) clock
Related violations: <none>

TIMING-18#134 Warning
Missing input or output delay  
An input delay is missing on sel1[4] relative to clock(s) clock
Related violations: <none>

TIMING-18#135 Warning
Missing input or output delay  
An input delay is missing on sel1[5] relative to clock(s) clock
Related violations: <none>

TIMING-18#136 Warning
Missing input or output delay  
An input delay is missing on sel1[6] relative to clock(s) clock
Related violations: <none>

TIMING-18#137 Warning
Missing input or output delay  
An input delay is missing on sel1[7] relative to clock(s) clock
Related violations: <none>

TIMING-18#138 Warning
Missing input or output delay  
An input delay is missing on sel2[0] relative to clock(s) clock
Related violations: <none>

TIMING-18#139 Warning
Missing input or output delay  
An input delay is missing on sel2[1] relative to clock(s) clock
Related violations: <none>

TIMING-18#140 Warning
Missing input or output delay  
An input delay is missing on sel2[2] relative to clock(s) clock
Related violations: <none>

TIMING-18#141 Warning
Missing input or output delay  
An input delay is missing on sel2[3] relative to clock(s) clock
Related violations: <none>

TIMING-18#142 Warning
Missing input or output delay  
An input delay is missing on sel2[4] relative to clock(s) clock
Related violations: <none>

TIMING-18#143 Warning
Missing input or output delay  
An input delay is missing on sel2[5] relative to clock(s) clock
Related violations: <none>

TIMING-18#144 Warning
Missing input or output delay  
An input delay is missing on sel2[6] relative to clock(s) clock
Related violations: <none>

TIMING-18#145 Warning
Missing input or output delay  
An input delay is missing on sel2[7] relative to clock(s) clock
Related violations: <none>

TIMING-18#146 Warning
Missing input or output delay  
An output delay is missing on Z[0] relative to clock(s) clock
Related violations: <none>

TIMING-18#147 Warning
Missing input or output delay  
An output delay is missing on Z[10] relative to clock(s) clock
Related violations: <none>

TIMING-18#148 Warning
Missing input or output delay  
An output delay is missing on Z[11] relative to clock(s) clock
Related violations: <none>

TIMING-18#149 Warning
Missing input or output delay  
An output delay is missing on Z[12] relative to clock(s) clock
Related violations: <none>

TIMING-18#150 Warning
Missing input or output delay  
An output delay is missing on Z[13] relative to clock(s) clock
Related violations: <none>

TIMING-18#151 Warning
Missing input or output delay  
An output delay is missing on Z[14] relative to clock(s) clock
Related violations: <none>

TIMING-18#152 Warning
Missing input or output delay  
An output delay is missing on Z[15] relative to clock(s) clock
Related violations: <none>

TIMING-18#153 Warning
Missing input or output delay  
An output delay is missing on Z[16] relative to clock(s) clock
Related violations: <none>

TIMING-18#154 Warning
Missing input or output delay  
An output delay is missing on Z[17] relative to clock(s) clock
Related violations: <none>

TIMING-18#155 Warning
Missing input or output delay  
An output delay is missing on Z[18] relative to clock(s) clock
Related violations: <none>

TIMING-18#156 Warning
Missing input or output delay  
An output delay is missing on Z[19] relative to clock(s) clock
Related violations: <none>

TIMING-18#157 Warning
Missing input or output delay  
An output delay is missing on Z[1] relative to clock(s) clock
Related violations: <none>

TIMING-18#158 Warning
Missing input or output delay  
An output delay is missing on Z[20] relative to clock(s) clock
Related violations: <none>

TIMING-18#159 Warning
Missing input or output delay  
An output delay is missing on Z[21] relative to clock(s) clock
Related violations: <none>

TIMING-18#160 Warning
Missing input or output delay  
An output delay is missing on Z[22] relative to clock(s) clock
Related violations: <none>

TIMING-18#161 Warning
Missing input or output delay  
An output delay is missing on Z[23] relative to clock(s) clock
Related violations: <none>

TIMING-18#162 Warning
Missing input or output delay  
An output delay is missing on Z[24] relative to clock(s) clock
Related violations: <none>

TIMING-18#163 Warning
Missing input or output delay  
An output delay is missing on Z[25] relative to clock(s) clock
Related violations: <none>

TIMING-18#164 Warning
Missing input or output delay  
An output delay is missing on Z[26] relative to clock(s) clock
Related violations: <none>

TIMING-18#165 Warning
Missing input or output delay  
An output delay is missing on Z[27] relative to clock(s) clock
Related violations: <none>

TIMING-18#166 Warning
Missing input or output delay  
An output delay is missing on Z[28] relative to clock(s) clock
Related violations: <none>

TIMING-18#167 Warning
Missing input or output delay  
An output delay is missing on Z[29] relative to clock(s) clock
Related violations: <none>

TIMING-18#168 Warning
Missing input or output delay  
An output delay is missing on Z[2] relative to clock(s) clock
Related violations: <none>

TIMING-18#169 Warning
Missing input or output delay  
An output delay is missing on Z[30] relative to clock(s) clock
Related violations: <none>

TIMING-18#170 Warning
Missing input or output delay  
An output delay is missing on Z[31] relative to clock(s) clock
Related violations: <none>

TIMING-18#171 Warning
Missing input or output delay  
An output delay is missing on Z[32] relative to clock(s) clock
Related violations: <none>

TIMING-18#172 Warning
Missing input or output delay  
An output delay is missing on Z[3] relative to clock(s) clock
Related violations: <none>

TIMING-18#173 Warning
Missing input or output delay  
An output delay is missing on Z[4] relative to clock(s) clock
Related violations: <none>

TIMING-18#174 Warning
Missing input or output delay  
An output delay is missing on Z[5] relative to clock(s) clock
Related violations: <none>

TIMING-18#175 Warning
Missing input or output delay  
An output delay is missing on Z[6] relative to clock(s) clock
Related violations: <none>

TIMING-18#176 Warning
Missing input or output delay  
An output delay is missing on Z[7] relative to clock(s) clock
Related violations: <none>

TIMING-18#177 Warning
Missing input or output delay  
An output delay is missing on Z[8] relative to clock(s) clock
Related violations: <none>

TIMING-18#178 Warning
Missing input or output delay  
An output delay is missing on Z[9] relative to clock(s) clock
Related violations: <none>


