Exception at PC 0x00007FFAF0D53B19
Exception at PC 0x00007FFAF0D53B19
Exception at PC 0x00007FFAF0D53B19
Exception at PC 0x00007FFAF0D53B19
Exception at PC 0x00007FFA5E6BE132
Attemped to write at address 0x00007FFA949A4AA4
Printing stacktrace...

[0]  [0x00007FFA5E6BE132]
[1]  [0x00007FFA5E6BE132]
[2]  [0x00007FFA5E6BE194]
[3]  [0x00007FFA5E30D0D7]
[4]  [0x00007FFA5E1F2BCA]
[5]  [0x00007FFA5E1F2FD1]
[6]  [0x00007FFA5E6BEB2F]
[7]  [0x00007FFA5E57C19D]
[8]  [0x00007FFA5E575942]
[9]  [0x00007FFA5E575AB5]
[10] (RtlActivateActivationContextUnsafeFast+0x121) [0x00007FFAF3405021]
[11] (LdrShutdownProcess+0x132) [0x00007FFAF344B352]
[12] (RtlExitUserProcess+0xad) [0x00007FFAF344B1FD]
[13] (ExitProcess+0xa) [0x00007FFAF31BCDDA]
[14] (exit+0x85) [0x00007FFAF1A6A245]
[15] (initterm_e+0x245) [0x00007FFAF1A6A8B5]
[16]  [0x00000000004014CD]
[17]  [0x000000000040151B]
[18] (BaseThreadInitThunk+0x14) [0x00007FFAF31B7C24]
[19] (RtlUserThreadStart+0x21) [0x00007FFAF344D721]
Done
