Exception at PC 0x00007FF947853B19
Exception at PC 0x00007FF947853B19
Exception at PC 0x00007FF947853B19
Exception at PC 0x00007FF947853B19
Exception at PC 0x00007FF8BB60E132
Attemped to write at address 0x00007FF8F70B4AA4
Printing stacktrace...

[0]  [0x00007FF8BB60E132]
[1]  [0x00007FF8BB60E132]
[2]  [0x00007FF8BB60E194]
[3]  [0x00007FF8BB25D0D7]
[4]  [0x00007FF8BB142BCA]
[5]  [0x00007FF8BB142FD1]
[6]  [0x00007FF8BB60EB2F]
[7]  [0x00007FF8BB4CC19D]
[8]  [0x00007FF8BB4C5942]
[9]  [0x00007FF8BB4C5AB5]
[10] (RtlActivateActivationContextUnsafeFast+0x121) [0x00007FF94A8C5021]
[11] (LdrShutdownProcess+0x132) [0x00007FF94A90B352]
[12] (RtlExitUserProcess+0xad) [0x00007FF94A90B1FD]
[13] (ExitProcess+0xa) [0x00007FF948D4CDDA]
[14] (exit+0x85) [0x00007FF94898A245]
[15] (initterm_e+0x245) [0x00007FF94898A8B5]
[16]  [0x00000000004014CD]
[17]  [0x000000000040151B]
[18] (BaseThreadInitThunk+0x14) [0x00007FF948D47C24]
[19] (RtlUserThreadStart+0x21) [0x00007FF94A90D721]
Done
